OpenROAD 41a51eaf4ca2171c92ff38afb91eb37bbd3f36da 
This program is licensed under the BSD-3 license. See the LICENSE file for details.
Components of this program may be licensed under more restrictive licenses which must be honored.
[INFO]: Reading ODB at '/openlane/designs/memory/runs/RUN_2026.04.30_11.49.27/tmp/18-top_macro_design.odb'…
define_corners Typical
read_liberty -corner Typical /home/mr-rath0/pdks/sky130A/libs.ref/sky130_fd_sc_hd/lib/sky130_fd_sc_hd__tt_025C_1v80.lib
Using 1e-12 for capacitance...
Using 1e+03 for resistance...
Using 1e-09 for time...
Using 1e+00 for voltage...
Using 1e-03 for current...
Using 1e-09 for power...
Using 1e-06 for distance...
Reading design constraints file at '/openlane/designs/memory/runs/RUN_2026.04.30_11.49.27/tmp/18-top_macro_design.sdc'…
[INFO]: Setting signal min routing layer to: met1 and clock min routing layer to met3. 
[INFO]: Setting signal max routing layer to: met5 and clock max routing layer to met5. 
-congestion_iterations 50 -verbose -congestion_report_file /openlane/designs/memory/runs/RUN_2026.04.30_11.49.27/tmp/routing/groute-congestion.rpt
[INFO GRT-0020] Min routing layer: met1
[INFO GRT-0021] Max routing layer: met5
[INFO GRT-0022] Global adjustment: 30%
[INFO GRT-0023] Grid origin: (0, 0)
[INFO GRT-0043] No OR_DEFAULT vias defined.
[INFO GRT-0088] Layer li1     Track-Pitch = 0.4600  line-2-Via Pitch: 0.3400
[INFO GRT-0088] Layer met1    Track-Pitch = 0.3400  line-2-Via Pitch: 0.3400
[INFO GRT-0088] Layer met2    Track-Pitch = 0.4600  line-2-Via Pitch: 0.3500
[INFO GRT-0088] Layer met3    Track-Pitch = 0.6800  line-2-Via Pitch: 0.6150
[INFO GRT-0088] Layer met4    Track-Pitch = 0.9200  line-2-Via Pitch: 1.0400
[INFO GRT-0088] Layer met5    Track-Pitch = 3.4000  line-2-Via Pitch: 3.1100
[INFO GRT-0019] Found 4 clock nets.
[INFO GRT-0001] Minimum degree: 2
[INFO GRT-0002] Maximum degree: 3
[INFO GRT-0003] Macros: 4
[INFO GRT-0004] Blockages: 0

[INFO GRT-0053] Routing resources analysis:
          Routing      Original      Derated      Resource
Layer     Direction    Resources     Resources    Reduction (%)
---------------------------------------------------------------
li1        Vertical            0             0          0.00%
met1       Horizontal      29640         16614          43.95%
met2       Vertical        22230         14619          34.24%
met3       Horizontal      14820         10480          29.28%
met4       Vertical         8892          5574          37.31%
met5       Horizontal       2964          1443          51.32%
---------------------------------------------------------------

[INFO GRT-0197] Via related to pin nodes: 30
[INFO GRT-0198] Via related Steiner nodes: 2
[INFO GRT-0199] Via filling finished.
[INFO GRT-0111] Final number of vias: 33
[INFO GRT-0112] Final usage 3D: 168

[INFO GRT-0096] Final congestion report:
Layer         Resource        Demand        Usage (%)    Max H / Max V / Total Overflow
---------------------------------------------------------------------------------------
li1                  0             0            0.00%             0 /  0 /  0
met1             16614             0            0.00%             0 /  0 /  0
met2             14619            26            0.18%             0 /  0 /  0
met3             10480            38            0.36%             0 /  0 /  0
met4              5574             5            0.09%             0 /  0 /  0
met5              1443             0            0.00%             0 /  0 /  0
---------------------------------------------------------------------------------------
Total            48730            69            0.14%             0 /  0 /  0

[INFO GRT-0018] Total wirelength: 752 um
[INFO GRT-0014] Routed nets: 4
[INFO GRT-0006] Repairing antennas, iteration 1.
[INFO GRT-0043] No OR_DEFAULT vias defined.
[INFO GRT-0012] Found 0 antenna violations.
Setting global connections for newly added cells…
Writing OpenROAD database to '/openlane/designs/memory/runs/RUN_2026.04.30_11.49.27/tmp/routing/20-global.odb'…
Writing layout to '/openlane/designs/memory/runs/RUN_2026.04.30_11.49.27/tmp/routing/20-global.def'…
Writing routing guides to '/openlane/designs/memory/runs/RUN_2026.04.30_11.49.27/tmp/routing/20-global.guide'…
